<?xml version="1.0" encoding="UTF-8"?>
<testng-results ignored="0" total="1" passed="1" failed="0" skipped="0">
  <reporter-output>
  </reporter-output>
  <suite started-at="2025-08-20T14:54:59 IST" name="Default suite" finished-at="2025-08-20T14:54:59 IST" duration-ms="86">
    <groups>
    </groups>
    <test started-at="2025-08-20T14:54:59 IST" name="Default test" finished-at="2025-08-20T14:54:59 IST" duration-ms="86">
      <class name="SeleniumBasic.TestngAnnotations">
        <test-method is-config="true" signature="beforeMethod()[pri:0, instance:SeleniumBasic.TestngAnnotations@747ddf94]" started-at="2025-08-20T14:54:59 IST" name="beforeMethod" finished-at="2025-08-20T14:54:59 IST" duration-ms="12" status="PASS">
          <reporter-output>
          </reporter-output>
        </test-method> <!-- beforeMethod -->
        <test-method signature="sample()[pri:0, instance:SeleniumBasic.TestngAnnotations@747ddf94]" started-at="2025-08-20T14:54:59 IST" name="sample" finished-at="2025-08-20T14:54:59 IST" duration-ms="11" status="PASS">
          <reporter-output>
          </reporter-output>
        </test-method> <!-- sample -->
        <test-method is-config="true" signature="afterMethod()[pri:0, instance:SeleniumBasic.TestngAnnotations@747ddf94]" started-at="2025-08-20T14:54:59 IST" name="afterMethod" finished-at="2025-08-20T14:54:59 IST" duration-ms="1" status="PASS">
          <reporter-output>
          </reporter-output>
        </test-method> <!-- afterMethod -->
      </class> <!-- SeleniumBasic.TestngAnnotations -->
    </test> <!-- Default test -->
  </suite> <!-- Default suite -->
</testng-results>
