<?xml version="1.0" encoding="UTF-8"?>
<testng-results ignored="0" total="1" passed="1" failed="0" skipped="0">
  <reporter-output>
  </reporter-output>
  <suite started-at="2025-08-22T14:51:05 IST" name="Default suite" finished-at="2025-08-22T14:51:11 IST" duration-ms="5527">
    <groups>
    </groups>
    <test started-at="2025-08-22T14:51:05 IST" name="Default test" finished-at="2025-08-22T14:51:11 IST" duration-ms="5527">
      <class name="TestScript.LoginTest">
        <test-method is-config="true" signature="initializeBrowser()[pri:0, instance:TestScript.LoginTest@6f1de4c7]" started-at="2025-08-22T14:51:05 IST" name="initializeBrowser" finished-at="2025-08-22T14:51:09 IST" duration-ms="4222" status="PASS">
          <reporter-output>
          </reporter-output>
        </test-method> <!-- initializeBrowser -->
        <test-method signature="verifyUserLoginWithValidCredential()[pri:0, instance:TestScript.LoginTest@6f1de4c7]" started-at="2025-08-22T14:51:09 IST" name="verifyUserLoginWithValidCredential" finished-at="2025-08-22T14:51:11 IST" duration-ms="1226" status="PASS">
          <reporter-output>
          </reporter-output>
        </test-method> <!-- verifyUserLoginWithValidCredential -->
        <test-method is-config="true" signature="closeAndQuit()[pri:0, instance:TestScript.LoginTest@6f1de4c7]" started-at="2025-08-22T14:51:11 IST" name="closeAndQuit" finished-at="2025-08-22T14:51:11 IST" duration-ms="2" status="PASS">
          <reporter-output>
          </reporter-output>
        </test-method> <!-- closeAndQuit -->
      </class> <!-- TestScript.LoginTest -->
    </test> <!-- Default test -->
  </suite> <!-- Default suite -->
</testng-results>
