<?xml version="1.0" encoding="UTF-8"?>
<!-- Generated by org.testng.reporters.JUnitXMLReporter -->
<testsuite ignored="0" hostname="DESKTOP-H8BHTI6" failures="0" tests="4" name="Default test" time="19.52" errors="0" timestamp="2025-08-22T13:16:59 IST">
  <testcase classname="TestScript.LoginTest" name="verifyInvalidUsernameAndValidPassword" time="0.327"/>
  <testcase classname="TestScript.LoginTest" name="verifyUserLoginWithValidCredential" time="1.145"/>
  <testcase classname="TestScript.LoginTest" name="verifyUserLoginWithWrongCredential" time="0.463"/>
  <testcase classname="TestScript.LoginTest" name="verifyValidUsernameAndInvalidPassword" time="0.528"/>
</testsuite> <!-- Default test -->
