<?xml version="1.0" encoding="UTF-8"?>
<!-- Generated by org.testng.reporters.JUnitXMLReporter -->
<testsuite ignored="3" hostname="DESKTOP-H8BHTI6" failures="0" tests="1" name="Default test" time="5.527" errors="0" timestamp="2025-08-22T14:51:11 IST">
  <testcase classname="TestScript.LoginTest" name="verifyUserLoginWithValidCredential" time="1.226"/>
  <testcase classname="TestScript.LoginTest" name="verifyInvalidUsernameAndValidPassword" time="0.0">
    <ignored/>
  </testcase> <!-- verifyInvalidUsernameAndValidPassword -->
  <testcase classname="TestScript.LoginTest" name="verifyUserLoginWithWrongCredential" time="0.0">
    <ignored/>
  </testcase> <!-- verifyUserLoginWithWrongCredential -->
  <testcase classname="TestScript.LoginTest" name="verifyValidUsernameAndInvalidPassword" time="0.0">
    <ignored/>
  </testcase> <!-- verifyValidUsernameAndInvalidPassword -->
</testsuite> <!-- Default test -->
